[debug] [2025-04-20T18:32:37.195Z] ----------------------------------------------------------------------
[debug] [2025-04-20T18:32:37.197Z] Command:       C:\Program Files\nodejs\node.exe C:\Users\Hema\AppData\Roaming\npm\node_modules\firebase-tools\lib\bin\firebase.js init
[debug] [2025-04-20T18:32:37.198Z] CLI Version:   14.2.0
[debug] [2025-04-20T18:32:37.198Z] Platform:      win32
[debug] [2025-04-20T18:32:37.198Z] Node Version:  v22.14.0
[debug] [2025-04-20T18:32:37.198Z] Time:          Mon Apr 21 2025 00:02:37 GMT+0530 (India Standard Time)
[debug] [2025-04-20T18:32:37.198Z] ----------------------------------------------------------------------
[debug] 
[debug] [2025-04-20T18:32:37.205Z] > command requires scopes: ["email","openid","https://www.googleapis.com/auth/cloudplatformprojects.readonly","https://www.googleapis.com/auth/firebase","https://www.googleapis.com/auth/cloud-platform"]
[debug] [2025-04-20T18:32:37.205Z] > authorizing via signed-in user (hemavathikrishnan2627@gmail.com)
[info] 
     ######## #### ########  ######## ########     ###     ######  ########
     ##        ##  ##     ## ##       ##     ##  ##   ##  ##       ##
     ######    ##  ########  ######   ########  #########  ######  ######
     ##        ##  ##    ##  ##       ##     ## ##     ##       ## ##
     ##       #### ##     ## ######## ########  ##     ##  ######  ########

You're about to initialize a Firebase project in this directory:

  C:\Users\Hema\OneDrive\Desktop\interior

[info] 
=== Project Setup
[info] 
[info] First, let's associate this project directory with a Firebase project.
[info] You can create multiple project aliases by running firebase use --add, 
[info] but for now we'll just set up a default project.
[info] 
[info] i  If you want to create a project in a Google Cloud organization or folder, please use "firebase projects:create" instead, and return to this command when you've created the project. 
[debug] [2025-04-20T18:34:23.052Z] Checked if tokens are valid: true, expires at: 1745177349320
[debug] [2025-04-20T18:34:23.052Z] Checked if tokens are valid: true, expires at: 1745177349320
[debug] [2025-04-20T18:34:23.053Z] >>> [apiv2][query] POST https://cloudresourcemanager.googleapis.com/v1/projects [none]
[debug] [2025-04-20T18:34:23.053Z] >>> [apiv2][body] POST https://cloudresourcemanager.googleapis.com/v1/projects {"projectId":"dream-house-decor","name":"DHCs"}
[debug] [2025-04-20T18:34:24.712Z] <<< [apiv2][status] POST https://cloudresourcemanager.googleapis.com/v1/projects 200
[debug] [2025-04-20T18:34:24.713Z] <<< [apiv2][body] POST https://cloudresourcemanager.googleapis.com/v1/projects {"name":"operations/create_project.global.5043608761340039159"}
[debug] [2025-04-20T18:34:24.713Z] Checked if tokens are valid: true, expires at: 1745177349320
[debug] [2025-04-20T18:34:24.713Z] Checked if tokens are valid: true, expires at: 1745177349320
[debug] [2025-04-20T18:34:24.714Z] >>> [apiv2][query] GET https://cloudresourcemanager.googleapis.com/v1/operations/create_project.global.5043608761340039159 [none]
[debug] [2025-04-20T18:34:25.989Z] <<< [apiv2][status] GET https://cloudresourcemanager.googleapis.com/v1/operations/create_project.global.5043608761340039159 200
[debug] [2025-04-20T18:34:25.989Z] <<< [apiv2][body] GET https://cloudresourcemanager.googleapis.com/v1/operations/create_project.global.5043608761340039159 {"name":"operations/create_project.global.5043608761340039159"}
[debug] [2025-04-20T18:34:26.505Z] [Project Creation Poller] Retrying task index 0
[debug] [2025-04-20T18:34:26.506Z] Checked if tokens are valid: true, expires at: 1745177349320
[debug] [2025-04-20T18:34:26.506Z] Checked if tokens are valid: true, expires at: 1745177349320
[debug] [2025-04-20T18:34:26.506Z] >>> [apiv2][query] GET https://cloudresourcemanager.googleapis.com/v1/operations/create_project.global.5043608761340039159 [none]
[debug] [2025-04-20T18:34:27.071Z] <<< [apiv2][status] GET https://cloudresourcemanager.googleapis.com/v1/operations/create_project.global.5043608761340039159 200
[debug] [2025-04-20T18:34:27.072Z] <<< [apiv2][body] GET https://cloudresourcemanager.googleapis.com/v1/operations/create_project.global.5043608761340039159 {"name":"operations/create_project.global.5043608761340039159","metadata":{"@type":"type.googleapis.com/google.cloudresourcemanager.v1.ProjectCreationStatus","gettable":true,"ready":true},"done":true,"response":{"@type":"type.googleapis.com/google.cloudresourcemanager.v1.Project","projectNumber":"1042140525850","projectId":"dream-house-decor","lifecycleState":"ACTIVE","name":"DHCs","createTime":"2025-04-20T18:34:23.741863Z"}}
[debug] [2025-04-20T18:34:27.075Z] Checked if tokens are valid: true, expires at: 1745177349320
[debug] [2025-04-20T18:34:27.075Z] Checked if tokens are valid: true, expires at: 1745177349320
[debug] [2025-04-20T18:34:27.076Z] >>> [apiv2][query] POST https://firebase.googleapis.com/v1beta1/projects/dream-house-decor:addFirebase [none]
[debug] [2025-04-20T18:34:28.707Z] <<< [apiv2][status] POST https://firebase.googleapis.com/v1beta1/projects/dream-house-decor:addFirebase 403
[debug] [2025-04-20T18:34:28.708Z] <<< [apiv2][body] POST https://firebase.googleapis.com/v1beta1/projects/dream-house-decor:addFirebase {"error":{"code":403,"message":"The caller does not have permission","status":"PERMISSION_DENIED"}}
[debug] [2025-04-20T18:34:28.709Z] Request to https://firebase.googleapis.com/v1beta1/projects/dream-house-decor:addFirebase had HTTP Error: 403, The caller does not have permission
[debug] [2025-04-20T18:34:28.924Z] FirebaseError: Request to https://firebase.googleapis.com/v1beta1/projects/dream-house-decor:addFirebase had HTTP Error: 403, The caller does not have permission
    at responseToError (C:\Users\Hema\AppData\Roaming\npm\node_modules\firebase-tools\lib\responseToError.js:52:12)
    at RetryOperation._fn (C:\Users\Hema\AppData\Roaming\npm\node_modules\firebase-tools\lib\apiv2.js:312:77)
    at process.processTicksAndRejections (node:internal/process/task_queues:105:5)
[error] 
[error] Error: Failed to add Firebase to Google Cloud Platform project. See firebase-debug.log for more info.
